# JRE version: Java(TM) SE Runtime Environment (7.0_65-b17) (build 1.7.0_65-b17)
# Java VM: Java HotSpot(TM) 64-Bit Server VM (24.65-b04 mixed mode linux-amd64 compressed oops)
Heap
 PSYoungGen      total 73216K, used 3584K [0x00000000f5880000, 0x00000000fa380000, 0x0000000100000000)
  eden space 69632K, 0% used [0x00000000f5880000,0x00000000f5880000,0x00000000f9c80000)
  from space 3584K, 100% used [0x00000000f9c80000,0x00000000fa000000,0x00000000fa000000)
  to   space 3584K, 0% used [0x00000000fa000000,0x00000000fa000000,0x00000000fa380000)
 ParOldGen       total 20992K, used 6243K [0x00000000e0a00000, 0x00000000e1e80000, 0x00000000f5880000)
  object space 20992K, 29% used [0x00000000e0a00000,0x00000000e1018cb0,0x00000000e1e80000)
 PSPermGen       total 21504K, used 13553K [0x00000000db800000, 0x00000000dcd00000, 0x00000000e0a00000)
  object space 21504K, 63% used [0x00000000db800000,0x00000000dc53c528,0x00000000dcd00000)
GC Heap History (10 events):
Event: 3,563 GC heap after
Heap after GC invocations=4 (full 0):
 PSYoungGen      total 18432K, used 993K [0x00000000f5880000, 0x00000000f6b80000, 0x0000000100000000)
  eden space 17408K, 0% used [0x00000000f5880000,0x00000000f5880000,0x00000000f6980000)
  from space 1024K, 96% used [0x00000000f6a80000,0x00000000f6b78468,0x00000000f6b80000)
  to   space 1024K, 0% used [0x00000000f6980000,0x00000000f6980000,0x00000000f6a80000)
 ParOldGen       total 20992K, used 3820K [0x00000000e0a00000, 0x00000000e1e80000, 0x00000000f5880000)
  object space 20992K, 18% used [0x00000000e0a00000,0x00000000e0dbb2b0,0x00000000e1e80000)
 PSPermGen       total 21504K, used 12196K [0x00000000db800000, 0x00000000dcd00000, 0x00000000e0a00000)
  object space 21504K, 56% used [0x00000000db800000,0x00000000dc3e9070,0x00000000dcd00000)
}
Event: 3,972 GC heap before
{Heap before GC invocations=5 (full 0):
 PSYoungGen      total 18432K, used 18384K [0x00000000f5880000, 0x00000000f6b80000, 0x0000000100000000)
  eden space 17408K, 99% used [0x00000000f5880000,0x00000000f697bf50,0x00000000f6980000)
  from space 1024K, 96% used [0x00000000f6a80000,0x00000000f6b78468,0x00000000f6b80000)
  to   space 1024K, 0% used [0x00000000f6980000,0x00000000f6980000,0x00000000f6a80000)
 ParOldGen       total 20992K, used 3820K [0x00000000e0a00000, 0x00000000e1e80000, 0x00000000f5880000)
  object space 20992K, 18% used [0x00000000e0a00000,0x00000000e0dbb2b0,0x00000000e1e80000)
 PSPermGen       total 21504K, used 12506K [0x00000000db800000, 0x00000000dcd00000, 0x00000000e0a00000)
  object space 21504K, 58% used [0x00000000db800000,0x00000000dc436b08,0x00000000dcd00000)
Event: 3,981 GC heap after
Heap after GC invocations=5 (full 0):
 PSYoungGen      total 18432K, used 1009K [0x00000000f5880000, 0x00000000f8180000, 0x0000000100000000)
  eden space 17408K, 0% used [0x00000000f5880000,0x00000000f5880000,0x00000000f6980000)
  from space 1024K, 98% used [0x00000000f6980000,0x00000000f6a7c458,0x00000000f6a80000)
  to   space 3584K, 0% used [0x00000000f7e00000,0x00000000f7e00000,0x00000000f8180000)
 ParOldGen       total 20992K, used 4440K [0x00000000e0a00000, 0x00000000e1e80000, 0x00000000f5880000)
  object space 20992K, 21% used [0x00000000e0a00000,0x00000000e0e562b8,0x00000000e1e80000)
 PSPermGen       total 21504K, used 12506K [0x00000000db800000, 0x00000000dcd00000, 0x00000000e0a00000)
  object space 21504K, 58% used [0x00000000db800000,0x00000000dc436b08,0x00000000dcd00000)
}
Event: 4,587 GC heap before
{Heap before GC invocations=6 (full 0):
 PSYoungGen      total 18432K, used 18417K [0x00000000f5880000, 0x00000000f8180000, 0x0000000100000000)
  eden space 17408K, 100% used [0x00000000f5880000,0x00000000f6980000,0x00000000f6980000)
  from space 1024K, 98% used [0x00000000f6980000,0x00000000f6a7c458,0x00000000f6a80000)
  to   space 3584K, 0% used [0x00000000f7e00000,0x00000000f7e00000,0x00000000f8180000)
 ParOldGen       total 20992K, used 4440K [0x00000000e0a00000, 0x00000000e1e80000, 0x00000000f5880000)
  object space 20992K, 21% used [0x00000000e0a00000,0x00000000e0e562b8,0x00000000e1e80000)
 PSPermGen       total 21504K, used 12872K [0x00000000db800000, 0x00000000dcd00000, 0x00000000e0a00000)
  object space 21504K, 59% used [0x00000000db800000,0x00000000dc4920f8,0x00000000dcd00000)
Event: 4,599 GC heap after
Heap after GC invocations=6 (full 0):
 PSYoungGen      total 37376K, used 2036K [0x00000000f5880000, 0x00000000f8080000, 0x0000000100000000)
  eden space 34816K, 0% used [0x00000000f5880000,0x00000000f5880000,0x00000000f7a80000)
  from space 2560K, 79% used [0x00000000f7e00000,0x00000000f7ffd348,0x00000000f8080000)
  to   space 3072K, 0% used [0x00000000f7a80000,0x00000000f7a80000,0x00000000f7d80000)
 ParOldGen       total 20992K, used 4440K [0x00000000e0a00000, 0x00000000e1e80000, 0x00000000f5880000)
  object space 20992K, 21% used [0x00000000e0a00000,0x00000000e0e562b8,0x00000000e1e80000)
 PSPermGen       total 21504K, used 12872K [0x00000000db800000, 0x00000000dcd00000, 0x00000000e0a00000)
  object space 21504K, 59% used [0x00000000db800000,0x00000000dc4920f8,0x00000000dcd00000)
}
Event: 5,312 GC heap before
{Heap before GC invocations=7 (full 0):
 PSYoungGen      total 37376K, used 36852K [0x00000000f5880000, 0x00000000f8080000, 0x0000000100000000)
  eden space 34816K, 100% used [0x00000000f5880000,0x00000000f7a80000,0x00000000f7a80000)
  from space 2560K, 79% used [0x00000000f7e00000,0x00000000f7ffd348,0x00000000f8080000)
  to   space 3072K, 0% used [0x00000000f7a80000,0x00000000f7a80000,0x00000000f7d80000)
 ParOldGen       total 20992K, used 4440K [0x00000000e0a00000, 0x00000000e1e80000, 0x00000000f5880000)
  object space 20992K, 21% used [0x00000000e0a00000,0x00000000e0e562b8,0x00000000e1e80000)
 PSPermGen       total 21504K, used 13096K [0x00000000db800000, 0x00000000dcd00000, 0x00000000e0a00000)
  object space 21504K, 60% used [0x00000000db800000,0x00000000dc4ca260,0x00000000dcd00000)
Event: 5,326 GC heap after
Heap after GC invocations=7 (full 0):
 PSYoungGen      total 37888K, used 2518K [0x00000000f5880000, 0x00000000fa380000, 0x0000000100000000)
  eden space 34816K, 0% used [0x00000000f5880000,0x00000000f5880000,0x00000000f7a80000)
  from space 3072K, 81% used [0x00000000f7a80000,0x00000000f7cf5980,0x00000000f7d80000)
  to   space 3584K, 0% used [0x00000000fa000000,0x00000000fa000000,0x00000000fa380000)
 ParOldGen       total 20992K, used 4886K [0x00000000e0a00000, 0x00000000e1e80000, 0x00000000f5880000)
  object space 20992K, 23% used [0x00000000e0a00000,0x00000000e0ec5928,0x00000000e1e80000)
 PSPermGen       total 21504K, used 13096K [0x00000000db800000, 0x00000000dcd00000, 0x00000000e0a00000)
  object space 21504K, 60% used [0x00000000db800000,0x00000000dc4ca260,0x00000000dcd00000)
}
Event: 5,745 GC heap before
{Heap before GC invocations=8 (full 0):
 PSYoungGen      total 37888K, used 37334K [0x00000000f5880000, 0x00000000fa380000, 0x0000000100000000)
  eden space 34816K, 100% used [0x00000000f5880000,0x00000000f7a80000,0x00000000f7a80000)
  from space 3072K, 81% used [0x00000000f7a80000,0x00000000f7cf5980,0x00000000f7d80000)
  to   space 3584K, 0% used [0x00000000fa000000,0x00000000fa000000,0x00000000fa380000)
 ParOldGen       total 20992K, used 4886K [0x00000000e0a00000, 0x00000000e1e80000, 0x00000000f5880000)
  object space 20992K, 23% used [0x00000000e0a00000,0x00000000e0ec5928,0x00000000e1e80000)
 PSPermGen       total 21504K, used 13244K [0x00000000db800000, 0x00000000dcd00000, 0x00000000e0a00000)
  object space 21504K, 61% used [0x00000000db800000,0x00000000dc4ef018,0x00000000dcd00000)
Event: 5,763 GC heap after
Heap after GC invocations=8 (full 0):
 PSYoungGen      total 73216K, used 3016K [0x00000000f5880000, 0x00000000fa380000, 0x0000000100000000)
  eden space 69632K, 0% used [0x00000000f5880000,0x00000000f5880000,0x00000000f9c80000)
  from space 3584K, 84% used [0x00000000fa000000,0x00000000fa2f2350,0x00000000fa380000)
  to   space 3584K, 0% used [0x00000000f9c80000,0x00000000f9c80000,0x00000000fa000000)
 ParOldGen       total 20992K, used 5303K [0x00000000e0a00000, 0x00000000e1e80000, 0x00000000f5880000)
  object space 20992K, 25% used [0x00000000e0a00000,0x00000000e0f2dd68,0x00000000e1e80000)
 PSPermGen       total 21504K, used 13244K [0x00000000db800000, 0x00000000dcd00000, 0x00000000e0a00000)
  object space 21504K, 61% used [0x00000000db800000,0x00000000dc4ef018,0x00000000dcd00000)
}
Event: 6,654 GC heap before
{Heap before GC invocations=9 (full 0):
 PSYoungGen      total 73216K, used 72648K [0x00000000f5880000, 0x00000000fa380000, 0x0000000100000000)
  eden space 69632K, 100% used [0x00000000f5880000,0x00000000f9c80000,0x00000000f9c80000)
  from space 3584K, 84% used [0x00000000fa000000,0x00000000fa2f2350,0x00000000fa380000)
  to   space 3584K, 0% used [0x00000000f9c80000,0x00000000f9c80000,0x00000000fa000000)
 ParOldGen       total 20992K, used 5303K [0x00000000e0a00000, 0x00000000e1e80000, 0x00000000f5880000)
  object space 20992K, 25% used [0x00000000e0a00000,0x00000000e0f2dd68,0x00000000e1e80000)
 PSPermGen       total 21504K, used 13553K [0x00000000db800000, 0x00000000dcd00000, 0x00000000e0a00000)
  object space 21504K, 63% used [0x00000000db800000,0x00000000dc53c528,0x00000000dcd00000)

